2026-03-24 16:08:22,540 | INFO | Starting EDP: dump\\edp\\ff_Barrier.edp
2026-03-24 16:09:02,053 | DEBUG | Full output captured
2026-03-24 16:09:02,053 | INFO | -- FreeFem++ v4.6 (Fri, Apr 03, 2020  2:08:08 PM - git v4.6)
2026-03-24 16:09:02,053 | INFO |  Load: lg_fem lg_mesh lg_mesh3 eigenvalue 
2026-03-24 16:09:02,053 | INFO | 'ffglut.exe' is not recognized as an internal or external command,
2026-03-24 16:09:02,053 | INFO | operable program or batch file.
2026-03-24 16:09:02,053 | INFO | (load: loadLibary C:\Program Files (x86)\FreeFem++\\.\msh3 = 0)(load: loadLibary C:\Program Files (x86)\FreeFem++\\.\gmsh = 0)(load: loadLibary C:\Program Files (x86)\FreeFem++\\.\medit = 0)(load: loadLibary C:\Program Files (x86)\FreeFem++\\.\mshmet = 0) load: mshmet  
2026-03-24 16:09:02,054 | INFO | (load: loadLibary C:\Program Files (x86)\FreeFem++\\.\tetgen = 0) load: tetgen  
2026-03-24 16:09:02,054 | INFO |  sizestack + 1024 =3512  ( 2488 )
2026-03-24 16:09:02,054 | INFO | 
2026-03-24 16:09:02,054 | INFO | 243078 tetrahedrons
2026-03-24 16:09:02,054 | INFO | 29550 triangles
2026-03-24 16:09:02,054 | INFO | 272628 numElements
2026-03-24 16:09:02,054 | INFO |   -- Build Nodes/DF on mesh :   n.v. 43634, n. elmt. 243078, n b. elmt. 29550
2026-03-24 16:09:02,054 | INFO |      nb of Nodes 339354    nb of DoF   339354  DFon=1100
2026-03-24 16:09:02,054 | INFO |   -- FESpace: Nb of Nodes 339354 Nb of DoF 339354
2026-03-24 16:09:02,054 | INFO |   -- Build Nodes/DF on mesh :   n.v. 43634, n. elmt. 243078, n b. elmt. 29550
2026-03-24 16:09:02,054 | INFO |      nb of Nodes 243078    nb of DoF   243078  DFon=0001
2026-03-24 16:09:02,054 | INFO |   -- FESpace: Nb of Nodes 243078 Nb of DoF 243078
2026-03-24 16:09:02,054 | INFO |  GC:  converge in  334 g=1.10142e-07 rho= 1.18102 gamma= 0.871632
2026-03-24 16:09:02,054 | INFO |   -- Solve : 
2026-03-24 16:09:02,054 | INFO |           min -0.121876  max 1
2026-03-24 16:09:02,054 | INFO | times: compile 0.024s, execution 39.449s,  mpirank:0
2026-03-24 16:09:02,054 | INFO |  ######## We forget of deleting   -6 Nb pointer,   0Bytes  ,  mpirank 0, memory leak =0
2026-03-24 16:09:02,054 | INFO |  CodeAlloc : nb ptr  4057,  size :498608 mpirank: 0
2026-03-24 16:09:02,054 | INFO | Ok: Normal End
2026-03-24 16:09:02,054 | INFO | Completed EDP: dump\\edp\\ff_Barrier.edp
