 GC:  converge in  123 g=1.93012e-07 rho= 1.30838 gamma= 0.801569
  -- Solve :
          min -0.0319001  max 1
calculations are finished, saving data
I'm on iteration 6/9
 GC:  converge in  126 g=2.21745e-07 rho= 1.37936 gamma= 0.873545
  -- Solve :
          min -0.0275571  max 1
calculations are finished, saving data
I'm on iteration 7/9
 GC:  converge in  137 g=3.41564e-07 rho= 1.32859 gamma= 0.804213
  -- Solve :
          min -0.0294752  max 1
calculations are finished, saving data
I'm on iteration 8/9
 GC:  converge in  137 g=1.0816e-06 rho= 1.41222 gamma= 0.883556
  -- Solve :
          min -0.00690821  max 1.02574
calculations are finished, saving data
I'm on iteration 9/9
 GC:  converge in  138 g=8.41892e-07 rho= 1.29628 gamma= 0.809644
  -- Solve :
          min -0.0344975  max 1
calculations are finished, saving data
times: compile 0.229s, execution 51.879s,  mpirank:0
 ######## We forget of deleting   -41 Nb pointer,   0Bytes  ,  mpirank 0, memory leak =0
 CodeAlloc : nb ptr  4040,  size :497464 mpirank: 0
Ok: Normal End
 try getConsole C:\Users\LyonLab\Documents\GitHub\LyonLabCodebase\femSims\ThinFilmTransport - otherSide\twiddleSense.edpÐÝ>\û